<?xml version="1.0" encoding="UTF-8"?>
<!-- Generated by org.testng.reporters.JUnitReportReporter -->
<testsuite hostname="DESKTOP-JVNTDTS" failures="0" tests="1" name="tests.AlertMessages" time="54.874" errors="0" timestamp="2024-08-22T19:44:18 IST" skipped="0">
  <testcase classname="tests.AlertMessages" name="checkalertMessages" time="54.874"/>
</testsuite> <!-- tests.AlertMessages -->
